Starting project at /app
React Compiler enabled
Starting Metro Bundler
warning: Bundler cache is empty, rebuilding (this may take a minute)
Waiting on http://localhost:8081
Logs for your project will appear below.
Web node_modules/expo-router/entry.js ░░░░░░░░░░░░░░░░  0.0% (0/1)
Web node_modules/expo-router/entry.js ▓▓▓▓░░░░░░░░░░░░ 26.0% ( 80/157)
λ node_modules/expo-router/node/render.js ▓▓░░░░░░░░░░░░░░ 17.8% (110/261)
Web node_modules/expo-router/entry.js ▓▓▓▓▓▓▓░░░░░░░░░ 44.4% (193/297)
λ node_modules/expo-router/node/render.js ▓▓▓▓▓▓▓▓░░░░░░░░ 56.0% (363/485)
Web node_modules/expo-router/entry.js ▓▓▓▓▓▓▓▓░░░░░░░░ 50.3% (323/464)
λ node_modules/expo-router/node/render.js ▓▓▓▓▓▓▓▓▓▓░░░░░░ 66.2% (571/755)
Web node_modules/expo-router/entry.js ▓▓▓▓▓▓▓▓▓░░░░░░░ 57.7% (460/651)
λ node_modules/expo-router/node/render.js ▓▓▓▓▓▓▓▓▓▓░░░░░░ 68.2% (765/932)
Web node_modules/expo-router/entry.js ▓▓▓▓▓▓▓▓▓▓░░░░░░ 63.6% (649/857)
λ node_modules/expo-router/node/render.js ▓▓▓▓▓▓▓▓▓▓▓▓▓░░░ 81.7% ( 949/1050)
Web node_modules/expo-router/entry.js ▓▓▓▓▓▓▓▓▓▓▓▓▓░░░ 81.5% ( 972/1077)
λ node_modules/expo-router/node/render.js ▓▓▓▓▓▓▓▓▓▓▓▓▓▓░░ 87.6% (1035/1106)
λ Bundled 24196ms node_modules/expo-router/node/render.js (1302 modules)
λ  WARN  props.pointerEvents is deprecated. Use style.pointerEvents
λ  ERROR  Accessing element.ref was removed in React 19. ref is now a regular prop. It will be removed from the JSX Element type in a future release.
Web node_modules/expo-router/entry.js ▓▓▓▓▓▓▓▓▓▓▓▓▓▓▓░ 99.9% (1351/1351)
Web Bundled 27376ms node_modules/expo-router/entry.js (1351 modules)
Web node_modules/expo-router/entry.js ▓▓▓▓▓▓░░░░░░░░░░ 39.5% (469/755)
Web node_modules/expo-router/entry.js ▓▓▓▓▓▓▓▓▓▓▓▓░░░░ 75.5% ( 930/1070)
Web Bundled 9523ms node_modules/expo-router/entry.js (1352 modules)
 LOG  [web] Logs will appear in the browser console
Web node_modules/expo-router/entry.js ░░░░░░░░░░░░░░░░  0.0% (0/1)
λ Bundled 101ms node_modules/expo-router/node/render.js (1 module)
λ  WARN  props.pointerEvents is deprecated. Use style.pointerEvents
λ  ERROR  Accessing element.ref was removed in React 19. ref is now a regular prop. It will be removed from the JSX Element type in a future release.
Web Bundled 967ms node_modules/expo-router/entry.js (1 module)
Web Bundled 203ms node_modules/expo-router/entry.js (1 module)
 LOG  [web] Logs will appear in the browser console
Web node_modules/expo-router/entry.js ░░░░░░░░░░░░░░░░  0.0% (0/1)
λ Bundled 300ms node_modules/expo-router/node/render.js (1 module)
λ  WARN  props.pointerEvents is deprecated. Use style.pointerEvents
λ  ERROR  Accessing element.ref was removed in React 19. ref is now a regular prop. It will be removed from the JSX Element type in a future release.
Web Bundled 2056ms node_modules/expo-router/entry.js (1 module)
Web Bundled 659ms node_modules/expo-router/entry.js (1 module)
 LOG  [web] Logs will appear in the browser console
