Starting project at /app
React Compiler enabled
Starting Metro Bundler
The following packages should be updated for best compatibility with the installed expo version:
  @stripe/stripe-react-native@0.23.3 - expected version: 0.50.3
  react-native-gesture-handler@2.30.0 - expected version: ~2.28.0
Your project may not work correctly until you install the expected versions of the packages.
Waiting on http://localhost:8082
Logs for your project will appear below.
Web node_modules/expo-router/entry.js ░░░░░░░░░░░░░░░░  0.0% (0/1)
Web node_modules/expo-router/entry.js ▓▓▓▓▓▓▓▓▓▓▓▓▓▓▓░ 96.5% (1559/1587)
λ node_modules/expo-router/node/render.js ▓▓▓▓▓▓▓▓▓▓▓▓▓▓▓░ 99.6% (1559/1562)
λ Bundling failed 3513ms node_modules/expo-router/node/render.js (1562 modules)
Web Bundling failed 3524ms node_modules/expo-router/entry.js (1587 modules)

Metro error: Importing native-only module "react-native/Libraries/ReactPrivate/ReactNativePrivateInitializeCore" on web from: node_modules/react-native/Libraries/Renderer/implementations/ReactFabric-prod.js

Import stack:

 node_modules/react-native/Libraries/Renderer/implementations/ReactFabric-prod.js
 | import "react-native/Libraries/ReactPrivate/ReactNativePrivateInitializeCore"

 node_modules/react-native/Libraries/Renderer/shims/ReactFabric.js
 | import "../implementations/ReactFabric-prod"

 node_modules/react-native/Libraries/ReactNative/RendererImplementation.js
 | import "../Renderer/shims/ReactFabric"

 node_modules/react-native/Libraries/ReactNative/RendererProxy.js
 | import "./RendererImplementation"

 node_modules/react-native/Libraries/Components/TextInput/TextInputState.js
 | import "../../ReactNative/RendererProxy"

 node_modules/@stripe/stripe-react-native/lib/commonjs/helpers.js
 | import "react-native/Libraries/Components/TextInput/TextInputState"
           ^ Importing react-native internals is not supported on web.

 node_modules/@stripe/stripe-react-native/lib/commonjs/components/StripeProvider.js
 | import "../helpers"

 node_modules/@stripe/stripe-react-native/lib/commonjs/index.js
 | import "./components/StripeProvider"

 app/checkout/[id].tsx
 | import "@stripe/stripe-react-native"

 app (require.context)



Web node_modules/expo-router/_error.js ░░░░░░░░░░░░░░░░  0.0% (0/1)
Web Bundled 249ms node_modules/expo-router/_error.js (275 modules)
 LOG  [web] Logs will appear in the browser console
