Starting project at /app
React Compiler enabled
Starting Metro Bundler
The following packages should be updated for best compatibility with the installed expo version:
  @stripe/stripe-react-native@0.59.1 - expected version: 0.50.3
  react-native-gesture-handler@2.30.0 - expected version: ~2.28.0
Your project may not work correctly until you install the expected versions of the packages.
Waiting on http://localhost:8082
Logs for your project will appear below.
Web node_modules/expo-router/entry.js ░░░░░░░░░░░░░░░░  0.0% (0/1)
Web node_modules/expo-router/entry.js ▓▓▓▓▓▓▓▓▓▓▓▓▓▓░░ 93.6% (755/792)
λ node_modules/expo-router/node/render.js ▓▓▓▓▓▓▓▓▓▓▓▓▓░░░ 86.5% (1082/1179)
Web node_modules/expo-router/entry.js ▓▓▓▓▓▓▓▓▓▓▓▓▓▓▓░ 99.3% (1534/1545)
λ node_modules/expo-router/node/render.js ▓▓▓▓▓▓▓▓▓▓▓▓▓▓▓░ 99.2% (1463/1470)
Web node_modules/expo-router/entry.js ▓▓▓▓▓▓▓▓▓▓▓▓▓▓▓░ 99.3% (1547/1571)
λ node_modules/expo-router/node/render.js ▓▓▓▓▓▓▓▓▓▓▓▓▓▓▓░ 99.2% (1504/1533)
λ Bundling failed 13974ms node_modules/expo-router/node/render.js (1588 modules)

Metro error: Importing native-only module "react-native/Libraries/Utilities/codegenNativeCommands" on web from: node_modules/@stripe/stripe-react-native/lib/commonjs/specs/NativeCardField.js

Import stack:

 node_modules/@stripe/stripe-react-native/lib/commonjs/specs/NativeCardField.js
 | import "react-native/Libraries/Utilities/codegenNativeCommands"
           ^ Importing react-native internals is not supported on web.

 node_modules/@stripe/stripe-react-native/lib/commonjs/components/CardField.js
 | import "../specs/NativeCardField"

 node_modules/@stripe/stripe-react-native/lib/commonjs/index.js
 | import "./components/CardField"

 app/_layout.tsx
 | import "@stripe/stripe-react-native"

 app (require.context)



Web node_modules/expo-router/entry.js ▓▓▓▓▓▓▓▓▓▓▓▓▓▓▓░ 99.6% (1644/1647)
Web Bundling failed 14107ms node_modules/expo-router/entry.js (1647 modules)
Web node_modules/expo-router/_error.js ▓▓▓▓▓▓▓▓▓▓▓▓▓▓▓░ 99.9% (319/319)
Web Bundled 3795ms node_modules/expo-router/_error.js (323 modules)
 LOG  [web] Logs will appear in the browser console
